<?xml version="1.0" encoding="UTF-8"?>
<!-- Generated by org.testng.reporters.JUnitReportReporter -->
<testsuite hostname="DESKTOP-CFS2EAU" failures="0" tests="1" name="sampleTest.AdminLoginLogoutTest" time="3.346" errors="0" timestamp="2025-04-21T23:56:04 IST" skipped="0">
  <testcase classname="sampleTest.AdminLoginLogoutTest" name="loginAsAdminAndLogout" time="3.346"/>
  <system-out/>
</testsuite> <!-- sampleTest.AdminLoginLogoutTest -->
